INFO:root:Archivo copiado
INFO:root:Archivo copiado
INFO:root:Archivo copiado
INFO:root:Archivo copiado
INFO:root:Archivo copiado
INFO:root:Archivo copiado
INFO:root:Archivo copiado
ERROR:root:Error al eliminar el archivo
INFO:root:Archivo copiado
ERROR:root:Error al eliminar el archivo
INFO:root:Archivo copiado
ERROR:root:Error al eliminar el archivo
INFO:root:Archivo copiado
ERROR:root:Error al eliminar el archivo
INFO:root:Archivo copiado
ERROR:root:Error al eliminar el archivo
INFO:root:Archivo copiado
ERROR:root:Error al eliminar el archivo
INFO:root:Archivo copiado
ERROR:root:Error al eliminar el archivo
INFO:root:Archivo eliminado
ERROR:root:Error al copiar el archivo
ERROR:root:Error al copiar el archivo
INFO:root:Archivo copiado
INFO:root:Archivo eliminado
INFO:root:Archivo copiado
INFO:root:Archivo eliminado
INFO:root:Archivo copiado
INFO:root:Archivo eliminado
INFO:root:Archivo copiado
INFO:root:El archivo destino.txt esta en el listado de excepciones
INFO:root:El archivo destino.txt esta en el listado de excepciones
INFO:root:Archivo eliminado
INFO:root:Archivo eliminado
INFO:root:Archivo eliminado
INFO:root:Archivo eliminado
INFO:root:El archivo destino.txt esta en el listado de excepciones
INFO:root:El archivo destino.txt esta en el listado de excepciones
INFO:root:Successful delete: destino2.txt.
INFO:root:Successful delete: destino3.txt.
INFO:root:Successful delete: destino4.txt.
INFO:root:Successful delete: destino5.txt.
INFO:root:El archivo destino.txt esta en el listado de excepciones
INFO:root:Successful delete: destino2.txt.
INFO:root:Successful delete: destino3.txt.
INFO:root:Successful delete: destino4.txt.
INFO:root:Successful delete: destino5.txt.
INFO:root:El archivo destino.txt esta en el listado de excepciones
INFO:root:Successful delete: archivo.py.
INFO:root:El archivo destino.txt esta en el listado de excepciones
INFO:root:Successful delete: archivo.pdf.
INFO:root:El archivo destino.txt esta en el listado de excepciones
INFO:root:El archivo destino.txt esta en el listado de excepciones
INFO:root:El archivo destino.txt esta en el listado de excepciones
INFO:root:Successful delete: C:\pythonProyect\papelera\destino2.txt.
INFO:root:Successful delete: C:\pythonProyect\papelera\destino3.txt.
INFO:root:Successful delete: C:\pythonProyect\papelera\destino4.txt.
INFO:root:Successful delete: C:\pythonProyect\papelera\destino5.txt.
INFO:root:Successful delete: C:\pythonProyect\papelera\suma2Numeros.py.
INFO:root:El archivo destino.txt esta en el listado de excepciones
INFO:root:El archivo destino.txt esta en el listado de excepciones
INFO:root:El archivo destino.txt esta en el listado de excepciones
INFO:root:Successful delete: C:\pythonProyect\destino2.txt.
INFO:root:Successful delete: C:\pythonProyect\destino3.txt.
INFO:root:Successful delete: C:\pythonProyect\destino4.txt.
INFO:root:Successful delete: C:\pythonProyect\destino5.txt.
INFO:root:El archivo destino.txt esta en el listado de excepciones
INFO:root:Successful delete: C:\pythonProyect\papelera\destino2.txt.
INFO:root:Successful delete: C:\pythonProyect\papelera\destino3.txt.
INFO:root:Successful delete: C:\pythonProyect\papelera\destino4.txt.
INFO:root:Successful delete: C:\pythonProyect\papelera\destino5.txt.
INFO:root:Archivo copiado
INFO:root:Archivo copiado
INFO:root:Archivo copiado
INFO:root:Archivo copiado
INFO:root:Archivo copiado
INFO:root:El archivo destino.txt esta en el listado de excepciones
INFO:root:Successful delete: C:\pythonProyect\destino2.txt.
INFO:root:Successful delete: C:\pythonProyect\destino3.txt.
INFO:root:Successful delete: C:\pythonProyect\destino4.txt.
INFO:root:Successful delete: C:\pythonProyect\destino5.txt.
INFO:root:El archivo destino.txt esta en el listado de excepciones
INFO:root:Successful delete: C:\pythonProyect\destino2.txt.
INFO:root:Successful delete: C:\pythonProyect\destino3.txt.
INFO:root:Successful delete: C:\pythonProyect\destino4.txt.
INFO:root:Successful delete: C:\pythonProyect\destino5.txt.
INFO:root:El archivo destino.txt esta en el listado de excepciones
INFO:root:El archivo destino.txt esta en el listado de excepciones
INFO:root:Successful delete: C:\pythonProyect\destino2.txt.
INFO:root:Successful delete: C:\pythonProyect\destino3.txt.
INFO:root:Successful delete: C:\pythonProyect\destino4.txt.
INFO:root:Successful delete: C:\pythonProyect\destino5.txt.
INFO:root:El archivo destino.txt esta en el listado de excepciones
INFO:root:El archivo destino.txt esta en el listado de excepciones
INFO:root:Successful delete: C:\pythonProyect\destino2.txt.
INFO:root:Successful delete: C:\pythonProyect\destino3.txt.
INFO:root:Successful delete: C:\pythonProyect\destino4.txt.
INFO:root:Successful delete: C:\pythonProyect\destino5.txt.
INFO:root:El archivo destino.txt esta en el listado de excepciones
INFO:root:Successful delete: C:\pythonProyect\papelera\destino2.txt.
INFO:root:Successful delete: C:\pythonProyect\papelera\destino3.txt.
INFO:root:Successful delete: C:\pythonProyect\papelera\destino4.txt.
INFO:root:Successful delete: C:\pythonProyect\papelera\destino5.txt.
INFO:root:El archivo destino.txt esta en el listado de excepciones
INFO:root:Successful delete: C:\Axity Wallpaper\Best Wallpaper\papelera\destino2.txt.
INFO:root:Successful delete: C:\Axity Wallpaper\Best Wallpaper\papelera\destino3.txt.
INFO:root:Successful delete: C:\Axity Wallpaper\Best Wallpaper\papelera\destino4.txt.
INFO:root:Successful delete: C:\Axity Wallpaper\Best Wallpaper\papelera\destino5.txt.
INFO:root:El archivo destino.txt esta en el listado de excepciones
INFO:root:Successful delete: C:\Axity Wallpaper\Best Wallpaper\papelera\destino2.txt.
INFO:root:Successful delete: C:\Axity Wallpaper\Best Wallpaper\papelera\destino3.txt.
INFO:root:Successful delete: C:\Axity Wallpaper\Best Wallpaper\papelera\destino4.txt.
INFO:root:Successful delete: C:\Axity Wallpaper\Best Wallpaper\papelera\destino5.txt.
INFO:root:The file destino.txt is in the list of exceptions
INFO:root:Successful delete: C:\Axity Wallpaper\Best Wallpaper\papelera\destino2.txt.
INFO:root:Successful delete: C:\Axity Wallpaper\Best Wallpaper\papelera\destino3.txt.
INFO:root:Successful delete: C:\Axity Wallpaper\Best Wallpaper\papelera\destino4.txt.
INFO:root:Successful delete: C:\Axity Wallpaper\Best Wallpaper\papelera\destino5.txt.
INFO:root:The file destino.txt is in the list of exceptions
INFO:root:Successful delete: C:\Axity Wallpaper\Best Wallpaper\papelera\destino2.txt.
INFO:root:The file destino.txt is in the list of exceptions
INFO:root:Successful delete: C:\Axity Wallpaper\Best Wallpaper\papelera\destino2.txt.
INFO:root:Successful delete: C:\Axity Wallpaper\Best Wallpaper\papelera\destino3.txt.
INFO:root:Successful delete: C:\Axity Wallpaper\Best Wallpaper\papelera\destino4.txt.
INFO:root:Successful delete: C:\Axity Wallpaper\Best Wallpaper\papelera\destino5.txt.
INFO:root:The file destino.txt is in the list of exceptions
INFO:root:Successful delete: C:\Axity Wallpaper\Best Wallpaper\papelera\destino2.txt.
INFO:root:Successful delete: C:\Axity Wallpaper\Best Wallpaper\papelera\destino3.txt.
INFO:root:Successful delete: C:\Axity Wallpaper\Best Wallpaper\papelera\destino4.txt.
INFO:root:Successful delete: C:\Axity Wallpaper\Best Wallpaper\papelera\destino5.txt.
INFO:root:The file destino.txt is in the list of exceptions
INFO:root:The file destino.txt is in the list of exceptions
INFO:root:The file destino.txt is in the list of exceptions
INFO:root:Successful delete: C:\Axity Wallpaper\Best Wallpaper\papelera\destino2.txt.
INFO:root:Successful delete: C:\Axity Wallpaper\Best Wallpaper\papelera\destino3.txt.
INFO:root:Successful delete: C:\Axity Wallpaper\Best Wallpaper\papelera\destino4.txt.
INFO:root:Successful delete: C:\Axity Wallpaper\Best Wallpaper\papelera\destino5.txt.
INFO:root:The file destino.txt is in the list of exceptions
INFO:root:Successful delete: C:\pythonProyect\destino2.txt.
INFO:root:Successful delete: C:\pythonProyect\destino3.txt.
INFO:root:Successful delete: C:\pythonProyect\destino4.txt.
INFO:root:Successful delete: C:\pythonProyect\destino5.txt.
ERROR:root:Route not exists: C:\pythonProyect\suma2Numeros.py.
INFO:root:The file destino.txt is in the list of exceptions
INFO:root:Successful delete: C:\pythonProyect\destino2.txt.
INFO:root:Successful delete: C:\pythonProyect\destino3.txt.
INFO:root:Successful delete: C:\pythonProyect\destino4.txt.
INFO:root:Successful delete: C:\pythonProyect\destino5.txt.
ERROR:root:Route not exists: C:\pythonProyect\suma2Numeros.py.
